# JRE version: OpenJDK Runtime Environment Temurin-21.0.10+7 (21.0.10+7) (build 21.0.10+7-LTS)
# Java VM: OpenJDK 64-Bit Server VM Temurin-21.0.10+7 (21.0.10+7-LTS, mixed mode, sharing, tiered, compressed oops, compressed class ptrs, parallel gc, windows-amd64)
GC Precious Log:
 CardTable entry size: 512
 CPUs: 8 total, 8 available
 Memory: 8050M
 Large Page Support: Disabled
 NUMA Support: Disabled
 Compressed Oops: Enabled (32-bit)
 Alignments: Space 512K, Generation 512K, Heap 2M
 Heap Min Capacity: 100M
 Heap Initial Capacity: 100M
 Heap Max Capacity: 2G
 Pre-touch: Disabled
 Parallel Workers: 8
Heap:
 PSYoungGen      total 1536K, used 533K [0x00000000d5580000, 0x00000000d5900000, 0x0000000100000000)
  eden space 1024K, 27% used [0x00000000d5580000,0x00000000d55c56d8,0x00000000d5680000)
  from space 512K, 50% used [0x00000000d5880000,0x00000000d58c0000,0x00000000d5900000)
  to   space 512K, 0% used [0x00000000d5800000,0x00000000d5800000,0x00000000d5880000)
 ParOldGen       total 321024K, used 320758K [0x0000000080000000, 0x0000000093980000, 0x00000000d5580000)
  object space 321024K, 99% used [0x0000000080000000,0x000000009393dbe8,0x0000000093980000)
 Metaspace       used 78355K, committed 79936K, reserved 1179648K
  class space    used 8031K, committed 8768K, reserved 1048576K
GC Heap History (20 events):
Event: 1082.826 GC heap before
{Heap before GC invocations=565 (full 5):
 PSYoungGen      total 1536K, used 1341K [0x00000000d5580000, 0x00000000d5900000, 0x0000000100000000)
  eden space 1024K, 100% used [0x00000000d5580000,0x00000000d5680000,0x00000000d5680000)
  from space 512K, 61% used [0x00000000d5880000,0x00000000d58cf408,0x00000000d5900000)
  to   space 512K, 0% used [0x00000000d5800000,0x00000000d5800000,0x00000000d5880000)
 ParOldGen       total 319488K, used 319188K [0x0000000080000000, 0x0000000093800000, 0x00000000d5580000)
  object space 319488K, 99% used [0x0000000080000000,0x00000000937b51e8,0x0000000093800000)
 Metaspace       used 78337K, committed 79936K, reserved 1179648K
  class space    used 8031K, committed 8768K, reserved 1048576K
}
Event: 1082.829 GC heap after
{Heap after GC invocations=565 (full 5):
 PSYoungGen      total 1536K, used 345K [0x00000000d5580000, 0x00000000d5900000, 0x0000000100000000)
  eden space 1024K, 0% used [0x00000000d5580000,0x00000000d5580000,0x00000000d5680000)
  from space 512K, 67% used [0x00000000d5800000,0x00000000d5856530,0x00000000d5880000)
  to   space 512K, 0% used [0x00000000d5880000,0x00000000d5880000,0x00000000d5900000)
 ParOldGen       total 319488K, used 319404K [0x0000000080000000, 0x0000000093800000, 0x00000000d5580000)
  object space 319488K, 99% used [0x0000000080000000,0x00000000937eb1f8,0x0000000093800000)
 Metaspace       used 78337K, committed 79936K, reserved 1179648K
  class space    used 8031K, committed 8768K, reserved 1048576K
}
Event: 1082.974 GC heap before
{Heap before GC invocations=566 (full 5):
 PSYoungGen      total 1536K, used 1369K [0x00000000d5580000, 0x00000000d5900000, 0x0000000100000000)
  eden space 1024K, 100% used [0x00000000d5580000,0x00000000d5680000,0x00000000d5680000)
  from space 512K, 67% used [0x00000000d5800000,0x00000000d5856530,0x00000000d5880000)
  to   space 512K, 0% used [0x00000000d5880000,0x00000000d5880000,0x00000000d5900000)
 ParOldGen       total 319488K, used 319404K [0x0000000080000000, 0x0000000093800000, 0x00000000d5580000)
  object space 319488K, 99% used [0x0000000080000000,0x00000000937eb1f8,0x0000000093800000)
 Metaspace       used 78337K, committed 79936K, reserved 1179648K
  class space    used 8031K, committed 8768K, reserved 1048576K
}
Event: 1082.977 GC heap after
{Heap after GC invocations=566 (full 5):
 PSYoungGen      total 1536K, used 276K [0x00000000d5580000, 0x00000000d5900000, 0x0000000100000000)
  eden space 1024K, 0% used [0x00000000d5580000,0x00000000d5580000,0x00000000d5680000)
  from space 512K, 54% used [0x00000000d5880000,0x00000000d58c5200,0x00000000d5900000)
  to   space 512K, 0% used [0x00000000d5800000,0x00000000d5800000,0x00000000d5880000)
 ParOldGen       total 320000K, used 319621K [0x0000000080000000, 0x0000000093880000, 0x00000000d5580000)
  object space 320000K, 99% used [0x0000000080000000,0x0000000093821728,0x0000000093880000)
 Metaspace       used 78337K, committed 79936K, reserved 1179648K
  class space    used 8031K, committed 8768K, reserved 1048576K
}
Event: 1083.022 GC heap before
{Heap before GC invocations=567 (full 5):
 PSYoungGen      total 1536K, used 1300K [0x00000000d5580000, 0x00000000d5900000, 0x0000000100000000)
  eden space 1024K, 99% used [0x00000000d5580000,0x00000000d567fff8,0x00000000d5680000)
  from space 512K, 54% used [0x00000000d5880000,0x00000000d58c5200,0x00000000d5900000)
  to   space 512K, 0% used [0x00000000d5800000,0x00000000d5800000,0x00000000d5880000)
 ParOldGen       total 320000K, used 319621K [0x0000000080000000, 0x0000000093880000, 0x00000000d5580000)
  object space 320000K, 99% used [0x0000000080000000,0x0000000093821728,0x0000000093880000)
 Metaspace       used 78337K, committed 79936K, reserved 1179648K
  class space    used 8031K, committed 8768K, reserved 1048576K
}
Event: 1083.025 GC heap after
{Heap after GC invocations=567 (full 5):
 PSYoungGen      total 1536K, used 432K [0x00000000d5580000, 0x00000000d5900000, 0x0000000100000000)
  eden space 1024K, 0% used [0x00000000d5580000,0x00000000d5580000,0x00000000d5680000)
  from space 512K, 84% used [0x00000000d5800000,0x00000000d586c010,0x00000000d5880000)
  to   space 512K, 0% used [0x00000000d5880000,0x00000000d5880000,0x00000000d5900000)
 ParOldGen       total 320000K, used 319814K [0x0000000080000000, 0x0000000093880000, 0x00000000d5580000)
  object space 320000K, 99% used [0x0000000080000000,0x0000000093851bb8,0x0000000093880000)
 Metaspace       used 78337K, committed 79936K, reserved 1179648K
  class space    used 8031K, committed 8768K, reserved 1048576K
}
Event: 1083.060 GC heap before
{Heap before GC invocations=568 (full 5):
 PSYoungGen      total 1536K, used 1456K [0x00000000d5580000, 0x00000000d5900000, 0x0000000100000000)
  eden space 1024K, 100% used [0x00000000d5580000,0x00000000d5680000,0x00000000d5680000)
  from space 512K, 84% used [0x00000000d5800000,0x00000000d586c010,0x00000000d5880000)
  to   space 512K, 0% used [0x00000000d5880000,0x00000000d5880000,0x00000000d5900000)
 ParOldGen       total 320000K, used 319814K [0x0000000080000000, 0x0000000093880000, 0x00000000d5580000)
  object space 320000K, 99% used [0x0000000080000000,0x0000000093851bb8,0x0000000093880000)
 Metaspace       used 78337K, committed 79936K, reserved 1179648K
  class space    used 8031K, committed 8768K, reserved 1048576K
}
Event: 1083.062 GC heap after
{Heap after GC invocations=568 (full 5):
 PSYoungGen      total 1536K, used 224K [0x00000000d5580000, 0x00000000d5900000, 0x0000000100000000)
  eden space 1024K, 0% used [0x00000000d5580000,0x00000000d5580000,0x00000000d5680000)
  from space 512K, 43% used [0x00000000d5880000,0x00000000d58b8000,0x00000000d5900000)
  to   space 512K, 0% used [0x00000000d5800000,0x00000000d5800000,0x00000000d5880000)
 ParOldGen       total 320512K, used 320110K [0x0000000080000000, 0x0000000093900000, 0x00000000d5580000)
  object space 320512K, 99% used [0x0000000080000000,0x000000009389bbc8,0x0000000093900000)
 Metaspace       used 78337K, committed 79936K, reserved 1179648K
  class space    used 8031K, committed 8768K, reserved 1048576K
}
Event: 1083.075 GC heap before
{Heap before GC invocations=569 (full 5):
 PSYoungGen      total 1536K, used 1248K [0x00000000d5580000, 0x00000000d5900000, 0x0000000100000000)
  eden space 1024K, 100% used [0x00000000d5580000,0x00000000d5680000,0x00000000d5680000)
  from space 512K, 43% used [0x00000000d5880000,0x00000000d58b8000,0x00000000d5900000)
  to   space 512K, 0% used [0x00000000d5800000,0x00000000d5800000,0x00000000d5880000)
 ParOldGen       total 320512K, used 320110K [0x0000000080000000, 0x0000000093900000, 0x00000000d5580000)
  object space 320512K, 99% used [0x0000000080000000,0x000000009389bbc8,0x0000000093900000)
 Metaspace       used 78337K, committed 79936K, reserved 1179648K
  class space    used 8031K, committed 8768K, reserved 1048576K
}
Event: 1083.077 GC heap after
{Heap after GC invocations=569 (full 5):
 PSYoungGen      total 1536K, used 192K [0x00000000d5580000, 0x00000000d5900000, 0x0000000100000000)
  eden space 1024K, 0% used [0x00000000d5580000,0x00000000d5580000,0x00000000d5680000)
  from space 512K, 37% used [0x00000000d5800000,0x00000000d5830000,0x00000000d5880000)
  to   space 512K, 0% used [0x00000000d5880000,0x00000000d5880000,0x00000000d5900000)
 ParOldGen       total 320512K, used 320150K [0x0000000080000000, 0x0000000093900000, 0x00000000d5580000)
  object space 320512K, 99% used [0x0000000080000000,0x00000000938a5bc8,0x0000000093900000)
 Metaspace       used 78337K, committed 79936K, reserved 1179648K
  class space    used 8031K, committed 8768K, reserved 1048576K
}
Event: 1083.097 GC heap before
{Heap before GC invocations=570 (full 5):
 PSYoungGen      total 1536K, used 1216K [0x00000000d5580000, 0x00000000d5900000, 0x0000000100000000)
  eden space 1024K, 100% used [0x00000000d5580000,0x00000000d5680000,0x00000000d5680000)
  from space 512K, 37% used [0x00000000d5800000,0x00000000d5830000,0x00000000d5880000)
  to   space 512K, 0% used [0x00000000d5880000,0x00000000d5880000,0x00000000d5900000)
 ParOldGen       total 320512K, used 320150K [0x0000000080000000, 0x0000000093900000, 0x00000000d5580000)
  object space 320512K, 99% used [0x0000000080000000,0x00000000938a5bc8,0x0000000093900000)
 Metaspace       used 78337K, committed 79936K, reserved 1179648K
  class space    used 8031K, committed 8768K, reserved 1048576K
}
Event: 1083.100 GC heap after
{Heap after GC invocations=570 (full 5):
 PSYoungGen      total 1536K, used 256K [0x00000000d5580000, 0x00000000d5900000, 0x0000000100000000)
  eden space 1024K, 0% used [0x00000000d5580000,0x00000000d5580000,0x00000000d5680000)
  from space 512K, 50% used [0x00000000d5880000,0x00000000d58c0000,0x00000000d5900000)
  to   space 512K, 0% used [0x00000000d5800000,0x00000000d5800000,0x00000000d5880000)
 ParOldGen       total 320512K, used 320230K [0x0000000080000000, 0x0000000093900000, 0x00000000d5580000)
  object space 320512K, 99% used [0x0000000080000000,0x00000000938b9bc8,0x0000000093900000)
 Metaspace       used 78337K, committed 79936K, reserved 1179648K
  class space    used 8031K, committed 8768K, reserved 1048576K
}
Event: 1083.117 GC heap before
{Heap before GC invocations=571 (full 5):
 PSYoungGen      total 1536K, used 1280K [0x00000000d5580000, 0x00000000d5900000, 0x0000000100000000)
  eden space 1024K, 100% used [0x00000000d5580000,0x00000000d5680000,0x00000000d5680000)
  from space 512K, 50% used [0x00000000d5880000,0x00000000d58c0000,0x00000000d5900000)
  to   space 512K, 0% used [0x00000000d5800000,0x00000000d5800000,0x00000000d5880000)
 ParOldGen       total 320512K, used 320230K [0x0000000080000000, 0x0000000093900000, 0x00000000d5580000)
  object space 320512K, 99% used [0x0000000080000000,0x00000000938b9bc8,0x0000000093900000)
 Metaspace       used 78337K, committed 79936K, reserved 1179648K
  class space    used 8031K, committed 8768K, reserved 1048576K
}
Event: 1083.119 GC heap after
{Heap after GC invocations=571 (full 5):
 PSYoungGen      total 1536K, used 288K [0x00000000d5580000, 0x00000000d5900000, 0x0000000100000000)
  eden space 1024K, 0% used [0x00000000d5580000,0x00000000d5580000,0x00000000d5680000)
  from space 512K, 56% used [0x00000000d5800000,0x00000000d5848000,0x00000000d5880000)
  to   space 512K, 0% used [0x00000000d5880000,0x00000000d5880000,0x00000000d5900000)
 ParOldGen       total 320512K, used 320294K [0x0000000080000000, 0x0000000093900000, 0x00000000d5580000)
  object space 320512K, 99% used [0x0000000080000000,0x00000000938c9bc8,0x0000000093900000)
 Metaspace       used 78337K, committed 79936K, reserved 1179648K
  class space    used 8031K, committed 8768K, reserved 1048576K
}
Event: 1083.137 GC heap before
{Heap before GC invocations=572 (full 5):
 PSYoungGen      total 1536K, used 1312K [0x00000000d5580000, 0x00000000d5900000, 0x0000000100000000)
  eden space 1024K, 100% used [0x00000000d5580000,0x00000000d5680000,0x00000000d5680000)
  from space 512K, 56% used [0x00000000d5800000,0x00000000d5848000,0x00000000d5880000)
  to   space 512K, 0% used [0x00000000d5880000,0x00000000d5880000,0x00000000d5900000)
 ParOldGen       total 320512K, used 320294K [0x0000000080000000, 0x0000000093900000, 0x00000000d5580000)
  object space 320512K, 99% used [0x0000000080000000,0x00000000938c9bc8,0x0000000093900000)
 Metaspace       used 78337K, committed 79936K, reserved 1179648K
  class space    used 8031K, committed 8768K, reserved 1048576K
}
Event: 1083.140 GC heap after
{Heap after GC invocations=572 (full 5):
 PSYoungGen      total 1536K, used 352K [0x00000000d5580000, 0x00000000d5900000, 0x0000000100000000)
  eden space 1024K, 0% used [0x00000000d5580000,0x00000000d5580000,0x00000000d5680000)
  from space 512K, 68% used [0x00000000d5880000,0x00000000d58d8000,0x00000000d5900000)
  to   space 512K, 0% used [0x00000000d5800000,0x00000000d5800000,0x00000000d5880000)
 ParOldGen       total 320512K, used 320454K [0x0000000080000000, 0x0000000093900000, 0x00000000d5580000)
  object space 320512K, 99% used [0x0000000080000000,0x00000000938f1be8,0x0000000093900000)
 Metaspace       used 78337K, committed 79936K, reserved 1179648K
  class space    used 8031K, committed 8768K, reserved 1048576K
}
Event: 1083.168 GC heap before
{Heap before GC invocations=573 (full 5):
 PSYoungGen      total 1536K, used 1376K [0x00000000d5580000, 0x00000000d5900000, 0x0000000100000000)
  eden space 1024K, 100% used [0x00000000d5580000,0x00000000d5680000,0x00000000d5680000)
  from space 512K, 68% used [0x00000000d5880000,0x00000000d58d8000,0x00000000d5900000)
  to   space 512K, 0% used [0x00000000d5800000,0x00000000d5800000,0x00000000d5880000)
 ParOldGen       total 320512K, used 320454K [0x0000000080000000, 0x0000000093900000, 0x00000000d5580000)
  object space 320512K, 99% used [0x0000000080000000,0x00000000938f1be8,0x0000000093900000)
 Metaspace       used 78338K, committed 79936K, reserved 1179648K
  class space    used 8031K, committed 8768K, reserved 1048576K
}
Event: 1083.171 GC heap after
{Heap after GC invocations=573 (full 5):
 PSYoungGen      total 1536K, used 288K [0x00000000d5580000, 0x00000000d5900000, 0x0000000100000000)
  eden space 1024K, 0% used [0x00000000d5580000,0x00000000d5580000,0x00000000d5680000)
  from space 512K, 56% used [0x00000000d5800000,0x00000000d5848000,0x00000000d5880000)
  to   space 512K, 0% used [0x00000000d5880000,0x00000000d5880000,0x00000000d5900000)
 ParOldGen       total 321024K, used 320670K [0x0000000080000000, 0x0000000093980000, 0x00000000d5580000)
  object space 321024K, 99% used [0x0000000080000000,0x0000000093927be8,0x0000000093980000)
 Metaspace       used 78338K, committed 79936K, reserved 1179648K
  class space    used 8031K, committed 8768K, reserved 1048576K
}
Event: 1326.440 GC heap before
{Heap before GC invocations=574 (full 5):
 PSYoungGen      total 1536K, used 1312K [0x00000000d5580000, 0x00000000d5900000, 0x0000000100000000)
  eden space 1024K, 100% used [0x00000000d5580000,0x00000000d5680000,0x00000000d5680000)
  from space 512K, 56% used [0x00000000d5800000,0x00000000d5848000,0x00000000d5880000)
  to   space 512K, 0% used [0x00000000d5880000,0x00000000d5880000,0x00000000d5900000)
 ParOldGen       total 321024K, used 320670K [0x0000000080000000, 0x0000000093980000, 0x00000000d5580000)
  object space 321024K, 99% used [0x0000000080000000,0x0000000093927be8,0x0000000093980000)
 Metaspace       used 78353K, committed 79936K, reserved 1179648K
  class space    used 8031K, committed 8768K, reserved 1048576K
}
Event: 1326.513 GC heap after
{Heap after GC invocations=574 (full 5):
 PSYoungGen      total 1536K, used 256K [0x00000000d5580000, 0x00000000d5900000, 0x0000000100000000)
  eden space 1024K, 0% used [0x00000000d5580000,0x00000000d5580000,0x00000000d5680000)
  from space 512K, 50% used [0x00000000d5880000,0x00000000d58c0000,0x00000000d5900000)
  to   space 512K, 0% used [0x00000000d5800000,0x00000000d5800000,0x00000000d5880000)
 ParOldGen       total 321024K, used 320758K [0x0000000080000000, 0x0000000093980000, 0x00000000d5580000)
  object space 321024K, 99% used [0x0000000080000000,0x000000009393dbe8,0x0000000093980000)
 Metaspace       used 78353K, committed 79936K, reserved 1179648K
  class space    used 8031K, committed 8768K, reserved 1048576K
}

